[12:06:51] [main/INFO] (Launcher) ModLauncher running: args [--launchTarget, forgeclientdev, --version, 21.1.209, --assetIndex, 1.21.1-17, --assetsDir, /home/krei/.gradle/caches/fabric-loom/assets, --gameDir, ., --fml.fmlVersion, 4.0.41, --fml.mcVersion, 1.21.1, --fml.neoForgeVersion, 21.1.209, --fml.neoFormVersion, 20240808.144430]
[12:06:51] [main/INFO] (Launcher) JVM identified as Ubuntu OpenJDK 64-Bit Server VM 21.0.8+9-Ubuntu-0ubuntu124.04.1
[12:06:51] [main/INFO] (Launcher) ModLauncher 11.0.5+main.901c6ea8 starting: java version 21.0.8 by Ubuntu; OS Linux arch amd64 version 6.8.0-85-generic
[12:06:52] [main/INFO] (unprotect) Initializing Unprotect using ModLauncher backend, target: Minecraft and loader classes (minecraft+forge)
[12:06:52] [main/INFO] (ImmediateWindowHandler) Loading ImmediateWindowProvider fmlearlywindow
[12:06:52] [main/INFO] (EARLYDISPLAY) Trying GL version 4.6
[12:06:52] [main/INFO] (EARLYDISPLAY) Requested GL version 4.6 got version 4.6
[12:06:52] [main/INFO] (mixin) SpongePowered MIXIN Subsystem Version=0.8.7 Source=union:/home/krei/.gradle/caches/modules-2/files-2.1/net.fabricmc/sponge-mixin/0.15.2+mixin.0.8.7/2af2f021d8e02a0220dc27a7a72b4666d66d44ca/sponge-mixin-0.15.2+mixin.0.8.7.jar%23110!/ Service=ModLauncher Env=CLIENT
[12:06:53] [main/INFO] (ModDiscoverer) Found mod file "neoforge-21.1.209-minecraft-merged-1.21.1-loom.mappings.1_21_1.layered+hash.729445375-v2-neoforge-21.1.209.jar" [locator: neoforge devenv provider ([/home/krei/.gradle/caches/fabric-loom/minecraftMaven/net/minecraft/neoforge-21.1.209-minecraft-merged/1.21.1-loom.mappings.1_21_1.layered+hash.729445375-v2-neoforge-21.1.209/neoforge-21.1.209-minecraft-merged-1.21.1-loom.mappings.1_21_1.layered+hash.729445375-v2-neoforge-21.1.209.jar])]
[12:06:53] [pool-5-thread-1/INFO] (EARLYDISPLAY) GL info: Mesa Intel(R) UHD Graphics (CML GT2) GL version 4.6 (Core Profile) Mesa 25.0.7-0ubuntu0.24.04.2, Intel
[12:06:53] [main/INFO] (ModDiscoverer) Found mod file "neoforge-21.1.209-minecraft-merged-1.21.1-loom.mappings.1_21_1.layered+hash.729445375-v2-neoforge-21.1.209.jar" [locator: neoforge devenv provider ([/home/krei/.gradle/caches/fabric-loom/minecraftMaven/net/minecraft/neoforge-21.1.209-minecraft-merged/1.21.1-loom.mappings.1_21_1.layered+hash.729445375-v2-neoforge-21.1.209/neoforge-21.1.209-minecraft-merged-1.21.1-loom.mappings.1_21_1.layered+hash.729445375-v2-neoforge-21.1.209.jar])]
[12:06:53] [main/INFO] (ModDiscoverer) Found mod file "main" [locator: userdev mods and services, reader: mod manifest]
[12:06:53] [main/INFO] (ModDiscoverer) Found mod file "neoforge-21.1.209-minecraft-merged-1.21.1-loom.mappings.1_21_1.layered+hash.729445375-v2-neoforge-21.1.209.jar" [locator: userdev mods and services, reader: mod manifest]
[12:06:53] [main/INFO] (ModDiscoverer) Found mod file "architectury-neoforge-ab8aefb4-13.0.8.jar" [locator: userdev mods and services, reader: mod manifest]
[12:06:53] [main/INFO] (ModDiscoverer) Found mod file "jei-1.21.1-neoforge-19.25.0.322.jar" [locator: userdev mods and services, reader: mod manifest]
[12:06:53] [main/INFO] (ModDiscoverer) Found mod file "configured-457570-7076243.jar" [locator: userdev mods and services, reader: mod manifest]
[12:06:53] [main/INFO] (ModDiscoverer) Found mod file "17045833175901829362.jar" [locator: userdev mods and services, reader: mod manifest]
[12:06:53] [main/INFO] (ModDiscoverer) Found gamelibrary file "mixinextras-neoforge-0.5.0.jar" [locator: userdev mods and services, reader: mod manifest]
[12:06:53] [main/WARN] (JarSelector) Attempted to select a dependency jar for JarJar which was passed in as source: library:mixinextras.neoforge. Using Mod File: /home/krei/.gradle/caches/modules-2/files-2.1/io.github.llamalad7/mixinextras-neoforge/0.5.0/d734b83ce6542bb70ea31755c1595b88992dbe65/mixinextras-neoforge-0.5.0.jar
[12:06:53] [main/INFO] (JarInJarDependencyLocator) Found 1 dependencies adding them to mods collection
[12:06:53] [main/INFO] (ModDiscoverer) Found library file "net.neoforged.neoforge-coremods-21.1.209.jar" [parent: neoforge-21.1.209-minecraft-merged-1.21.1-loom.mappings.1_21_1.layered+hash.729445375-v2-neoforge-21.1.209.jar, locator: jarinjar, reader: mod manifest]
[12:06:53] [main/INFO] (ModDiscoverer) 
     Mod List:
		Name Version (Mod Id)

		Architectury 13.0.8 (architectury)
		Configured 2.6.1 (configured)
		generated_87afa38 1 (generated_87afa38)
		Just Enough Items 19.25.0.322 (jei)
		Minecraft 1.21.1 (minecraft)
		NeoForge 21.1.209 (neoforge)
		Template Mod 1.0.0 (templatemod)
[12:06:54] [main/INFO] (mixin) Compatibility level set to JAVA_21
[12:06:54] [main/INFO] (LaunchServiceHandler) Launching target 'forgeclientdev' with arguments [--version, 21.1.209, --gameDir, ., --assetsDir, /home/krei/.gradle/caches/fabric-loom/assets, --assetIndex, 1.21.1-17]
[12:06:55] [main/INFO] (unprotect) Found 8254 Minecraft classes
[12:06:56] [main/INFO] (MixinExtras|Service) Initializing MixinExtras via com.llamalad7.mixinextras.service.MixinExtrasServiceImpl(version=0.5.0).
[15Oct2025 12:06:59.367] [Datafixer Bootstrap/INFO] [com.mojang.datafixers.DataFixerBuilder/]: 229 Datafixer optimizations took 535 milliseconds
[15Oct2025 12:07:08.848] [main/WARN] [net.minecraft.commands.Commands/]: Ambiguity between arguments [teleport, location] and [teleport, destination] with inputs: [0.1 -0.5 .9, 0 0 0]
[15Oct2025 12:07:08.853] [main/WARN] [net.minecraft.commands.Commands/]: Ambiguity between arguments [teleport, location] and [teleport, targets] with inputs: [0.1 -0.5 .9, 0 0 0]
[15Oct2025 12:07:08.860] [main/WARN] [net.minecraft.commands.Commands/]: Ambiguity between arguments [teleport, destination] and [teleport, targets] with inputs: [Player, 0123, @e, dd12be42-52a9-4a91-a8a1-11c01849e498]
[15Oct2025 12:07:08.865] [main/WARN] [net.minecraft.commands.Commands/]: Ambiguity between arguments [teleport, targets] and [teleport, destination] with inputs: [Player, 0123, dd12be42-52a9-4a91-a8a1-11c01849e498]
[15Oct2025 12:07:08.869] [main/WARN] [net.minecraft.commands.Commands/]: Ambiguity between arguments [teleport, targets, location] and [teleport, targets, destination] with inputs: [0.1 -0.5 .9, 0 0 0]
[15Oct2025 12:07:09.208] [Render thread/WARN] [net.minecraft.server.packs.VanillaPackResourcesBuilder/]: Assets URL 'union:/home/krei/.gradle/caches/fabric-loom/minecraftMaven/net/minecraft/neoforge-21.1.209-minecraft-merged/1.21.1-loom.mappings.1_21_1.layered+hash.729445375-v2-neoforge-21.1.209/neoforge-21.1.209-minecraft-merged-1.21.1-loom.mappings.1_21_1.layered+hash.729445375-v2-neoforge-21.1.209.jar%23184!/assets/.mcassetsroot' uses unexpected schema
[15Oct2025 12:07:09.209] [Render thread/WARN] [net.minecraft.server.packs.VanillaPackResourcesBuilder/]: Assets URL 'union:/home/krei/.gradle/caches/fabric-loom/minecraftMaven/net/minecraft/neoforge-21.1.209-minecraft-merged/1.21.1-loom.mappings.1_21_1.layered+hash.729445375-v2-neoforge-21.1.209/neoforge-21.1.209-minecraft-merged-1.21.1-loom.mappings.1_21_1.layered+hash.729445375-v2-neoforge-21.1.209.jar%23184!/data/.mcassetsroot' uses unexpected schema
[15Oct2025 12:07:09.260] [Render thread/INFO] [com.mojang.authlib.yggdrasil.YggdrasilAuthenticationService/]: Environment: Environment[sessionHost=https://sessionserver.mojang.com, servicesHost=https://api.minecraftservices.com, name=PROD]
[15Oct2025 12:07:09.277] [Render thread/INFO] [net.minecraft.client.Minecraft/]: Setting user: Dev
[15Oct2025 12:07:09.454] [Render thread/INFO] [net.minecraft.client.Minecraft/]: Backend library: LWJGL version 3.3.3+5
[15Oct2025 12:07:09.907] [modloading-worker-0/INFO] [net.neoforged.neoforge.common.NeoForgeMod/NEOFORGE-MOD]: NeoForge mod loading, version 21.1.209, for MC 1.21.1
[15Oct2025 12:07:10.002] [modloading-worker-0/INFO] [mezz.jei.library.load.PluginCaller/]: Sending ConfigManager...
[15Oct2025 12:07:10.007] [modloading-worker-0/INFO] [mezz.jei.library.load.PluginCaller/]: Sending ConfigManager took 3.502 milliseconds
[15Oct2025 12:07:11.397] [Render thread/INFO] [net.neoforged.neoforge.gametest.GameTestHooks/]: Enabled Gametest Namespaces: []
[15Oct2025 12:07:11.678] [Render thread/INFO] [net.minecraft.server.packs.resources.ReloadableResourceManager/]: Reloading ResourceManager: vanilla, mod_resources, mod/configured, mod/generated_87afa38, mod/architectury, mod/templatemod, mod/neoforge, mod/jei
[15Oct2025 12:07:11.925] [Worker-Main-1/INFO] [net.minecraft.client.gui.font.providers.UnihexProvider/]: Found unifont_all_no_pua-15.1.05.hex, loading
[15Oct2025 12:07:12.373] [Worker-Main-6/INFO] [net.minecraft.client.gui.font.providers.UnihexProvider/]: Found unifont_jp_patch-15.1.05.hex, loading
[15Oct2025 12:07:14.993] [Render thread/INFO] [Configured/]: Successfully loaded config provider: com.mrcrayfish.configured.impl.neoforge.NeoForgeConfigProvider
[15Oct2025 12:07:14.994] [Render thread/INFO] [Configured/]: Successfully loaded config provider: com.mrcrayfish.configured.impl.framework.FrameworkConfigProvider
[15Oct2025 12:07:14.995] [Render thread/INFO] [Configured/]: Successfully loaded config provider: com.mrcrayfish.configured.impl.jei.JeiConfigProvider
[15Oct2025 12:07:14.996] [Render thread/INFO] [Configured/]: Creating config GUI factories...
[15Oct2025 12:07:15.006] [Render thread/INFO] [Configured/]: Registering config factory for mod jei. Found 5 config(s)
[15Oct2025 12:07:15.277] [Render thread/WARN] [net.minecraft.client.sounds.SoundEngine/]: Missing sound for event: minecraft:item.goat_horn.play
[15Oct2025 12:07:15.277] [Render thread/WARN] [net.minecraft.client.sounds.SoundEngine/]: Missing sound for event: minecraft:entity.goat.screaming.horn_break
[15Oct2025 12:07:15.433] [Render thread/INFO] [com.mojang.blaze3d.audio.Library/]: OpenAL initialized on device Built-in Audio Analog Stereo
[15Oct2025 12:07:15.434] [Render thread/INFO] [net.minecraft.client.sounds.SoundEngine/SOUNDS]: Sound engine started
[15Oct2025 12:07:15.799] [Render thread/INFO] [net.minecraft.client.renderer.texture.TextureAtlas/]: Created: 1024x512x4 minecraft:textures/atlas/blocks.png-atlas
[15Oct2025 12:07:15.940] [Render thread/INFO] [net.minecraft.client.renderer.texture.TextureAtlas/]: Created: 256x256x4 minecraft:textures/atlas/signs.png-atlas
[15Oct2025 12:07:15.943] [Render thread/INFO] [net.minecraft.client.renderer.texture.TextureAtlas/]: Created: 512x512x4 minecraft:textures/atlas/shield_patterns.png-atlas
[15Oct2025 12:07:15.949] [Render thread/INFO] [net.minecraft.client.renderer.texture.TextureAtlas/]: Created: 512x512x4 minecraft:textures/atlas/banner_patterns.png-atlas
[15Oct2025 12:07:15.953] [Render thread/INFO] [net.minecraft.client.renderer.texture.TextureAtlas/]: Created: 1024x1024x4 minecraft:textures/atlas/armor_trims.png-atlas
[15Oct2025 12:07:15.988] [Render thread/INFO] [net.minecraft.client.renderer.texture.TextureAtlas/]: Created: 256x256x4 minecraft:textures/atlas/chest.png-atlas
[15Oct2025 12:07:15.989] [Render thread/INFO] [net.minecraft.client.renderer.texture.TextureAtlas/]: Created: 128x64x4 minecraft:textures/atlas/decorated_pot.png-atlas
[15Oct2025 12:07:15.991] [Render thread/INFO] [net.minecraft.client.renderer.texture.TextureAtlas/]: Created: 512x256x4 minecraft:textures/atlas/shulker_boxes.png-atlas
[15Oct2025 12:07:15.993] [Render thread/INFO] [net.minecraft.client.renderer.texture.TextureAtlas/]: Created: 512x256x4 minecraft:textures/atlas/beds.png-atlas
[15Oct2025 12:07:16.402] [Render thread/INFO] [net.minecraft.client.renderer.texture.TextureAtlas/]: Created: 512x256x0 minecraft:textures/atlas/particles.png-atlas
[15Oct2025 12:07:16.408] [Render thread/INFO] [net.minecraft.client.renderer.texture.TextureAtlas/]: Created: 512x256x0 minecraft:textures/atlas/paintings.png-atlas
[15Oct2025 12:07:16.410] [Render thread/INFO] [net.minecraft.client.renderer.texture.TextureAtlas/]: Created: 256x128x0 minecraft:textures/atlas/mob_effects.png-atlas
[15Oct2025 12:07:16.411] [Render thread/INFO] [net.minecraft.client.renderer.texture.TextureAtlas/]: Created: 64x64x0 minecraft:textures/atlas/map_decorations.png-atlas
[15Oct2025 12:07:16.412] [Render thread/INFO] [net.minecraft.client.renderer.texture.TextureAtlas/]: Created: 1024x512x0 minecraft:textures/atlas/gui.png-atlas
[15Oct2025 12:07:16.493] [Render thread/WARN] [net.minecraft.client.renderer.ShaderInstance/]: Shader rendertype_entity_translucent_emissive could not find sampler named Sampler2 in the specified shader program.
[15Oct2025 12:07:16.632] [Render thread/INFO] [net.neoforged.neoforge.client.entity.animation.json.AnimationLoader/]: Loaded 0 entity animations
[15Oct2025 12:07:16.633] [Render thread/INFO] [net.minecraft.client.renderer.texture.TextureAtlas/]: Created: 256x256x0 jei:textures/atlas/gui.png-atlas
[15Oct2025 12:07:28.159] [Render thread/INFO] [net.minecraft.client.Minecraft/]: Stopping!
